
CharImport [Universal] - 0.10.0.321 (Beta)
System: Microsoft Windows 7 Professional  // 6.1.7601.65536 // Win32NT
[05.08.2012 11:20:53] Application started
[05.08.2012 11:21:04] Trinity checked
[05.08.2012 11:21:04] Armory2Database_Load call
[05.08.2012 11:21:24] ArcEmu checked
[05.08.2012 11:21:26] Standard login info call
[05.08.2012 11:22:15] Connect request with automatic checked
[05.08.2012 11:22:15] Could find character db and auth db
[05.08.2012 11:22:20] Checkbox3 checked
[05.08.2012 11:22:47] TBC checked
[05.08.2012 11:22:49] Wotlk checked
[05.08.2012 11:22:54] TBC checked
[05.08.2012 11:22:55] Wotlk checked
[05.08.2012 11:23:23] Start corecheck request
[05.08.2012 11:23:24] Database_Check_Load call
[05.08.2012 11:23:24] DB Report: 
Table_Schema: 
######## characters ########
guid
acct
name
race
class
gender
custom_faction
level
xp
active_cheats
exploration_data
watched_faction_index
selected_pvp_title
available_pvp_titles
available_pvp_titles1
available_pvp_titles2
gold
ammo_id
available_prof_points
current_hp
current_power
pvprank
bytes
bytes2
player_flags
player_bytes
positionX
positionY
positionZ
orientation
mapId
zoneId
taximask
banned
banReason
timestamp
online
bindpositionX
bindpositionY
bindpositionZ
bindmapId
bindzoneId
isResting
restState
restTime
playedtime
deathstate
TalentResetTimes
first_login
forced_rename_pending
arenaPoints
totalstableslots
instance_id
entrypointmap
entrypointx
entrypointy
entrypointz
entrypointo
entrypointinstance
taxi_path
taxi_lastnode
taxi_mountid
transporter
transporter_xdiff
transporter_ydiff
transporter_zdiff
actions1
actions2
auras
finished_quests
finisheddailies
honorRolloverTime
killsToday
killsYesterday
killsLifeTime
honorToday
honorYesterday
honorPoints
difficulty
drunkValue
glyphs1
talents1
glyphs2
talents2
numspecs
currentspec
talentpoints
phase
CanGainXp
data
resettalents
######## character_action ########
######## character_homebind ########
######## character_inventory ########
######## questlog ########
player_guid
quest_id
slot
expirytime
explored_area1
explored_area2
explored_area3
explored_area4
mob_kill1
mob_kill2
mob_kill3
mob_kill4
completed
######## character_reputation ########
######## character_skills ########
######## playerspells ########
GUID
SpellID
######## character_talent ########
######## playeritems ########
ownerguid
guid
entry
wrapped_item_id
wrapped_creator
creator
count
charges
flags
randomprop
randomsuffix
itemtext
durability
containerslot
slot
enchantments
duration_expireson
refund_purchasedon
refund_costid
text

[05.08.2012 11:24:21] Continue Transmission call with startcondition: 14
[05.08.2012 11:24:22] opensql_call @trinity
[05.08.2012 11:25:13] closesql_call @trinity