
CharImport [Universal] - 0.10.0.321 (Beta)
System: Microsoft Windows 7 Professional  // 6.1.7601.65536 // Win32NT
[04.08.2012 22:14:35] Application started
[04.08.2012 22:15:07] Classic checked
[04.08.2012 22:15:07] Trinity checked
[04.08.2012 22:15:07] Database_Interface_Load call
[04.08.2012 22:15:16] Mangos checked
[04.08.2012 22:15:17] Classic checked
[04.08.2012 22:15:20] Connect request with manually checked
[04.08.2012 22:15:20] Could find character db
[04.08.2012 22:15:20] Could find auth db
[04.08.2012 22:15:22] Checkbox1 checked
[04.08.2012 22:15:59] "Save character profiles in template" request
[04.08.2012 22:16:24] Corecheck request
[04.08.2012 22:16:24] opensql_call @trinity
[04.08.2012 22:16:24] getallchars_call @mangos
[04.08.2012 22:16:24] getallcharsfromaccount_call @mangos for accountname: ADMINISTRATOR
[04.08.2012 22:16:24] AccountId is: 1
[04.08.2012 22:16:24] No characters found
[04.08.2012 22:16:24] getallcharsfromaccount_call @mangos for accountname: GAMEMASTER
[04.08.2012 22:16:24] AccountId is: 2
[04.08.2012 22:16:24] No characters found
[04.08.2012 22:16:24] getallcharsfromaccount_call @mangos for accountname: MODERATOR
[04.08.2012 22:16:24] AccountId is: 3
[04.08.2012 22:16:24] No characters found
[04.08.2012 22:16:24] getallcharsfromaccount_call @mangos for accountname: BARMAN
[04.08.2012 22:16:24] AccountId is: 6
[04.08.2012 22:16:24] No characters found
[04.08.2012 22:16:24] getallcharsfromaccount_call @mangos for accountname: ADMIN5
[04.08.2012 22:16:24] AccountId is: 10
[04.08.2012 22:16:24] gochars_call @mangos for guid: 15
[04.08.2012 22:16:24] GetCharFromDatabase_call @mangos for charguid: 15
[04.08.2012 22:16:24] getspells_call @mangos for charguid: 15
[04.08.2012 22:16:24] gettalents_call @mangos
[04.08.2012 22:16:24] getspec1_call @mangos
[04.08.2012 22:16:24] getskills_call @mangos
[04.08.2012 22:16:24] getREPlists_call @mangos
[04.08.2012 22:16:24] Reputation could not be found!
[04.08.2012 22:16:24] getactionlist_call @mangos
[04.08.2012 22:16:24] Action list not found!
[04.08.2012 22:16:24] getavlists_call @mangos
[04.08.2012 22:16:24] getinventoryitems_call @mangos
[04.08.2012 22:16:24] getitems_call @mangos
[04.08.2012 22:16:47] getglyphs_call @mangos
[04.08.2012 22:16:49] gochars_call @mangos for guid: 19
[04.08.2012 22:16:49] GetCharFromDatabase_call @mangos for charguid: 19
[04.08.2012 22:16:49] getspells_call @mangos for charguid: 19
[04.08.2012 22:16:49] gettalents_call @mangos
[04.08.2012 22:16:49] getspec1_call @mangos
[04.08.2012 22:16:49] getskills_call @mangos
[04.08.2012 22:16:49] getREPlists_call @mangos
[04.08.2012 22:16:49] Reputation could not be found!
[04.08.2012 22:16:49] getactionlist_call @mangos
[04.08.2012 22:16:49] Action list not found!
[04.08.2012 22:16:49] getavlists_call @mangos
[04.08.2012 22:16:49] getinventoryitems_call @mangos
[04.08.2012 22:16:49] getitems_call @mangos
[04.08.2012 22:16:51] getglyphs_call @mangos
[04.08.2012 22:16:52] gochars_call @mangos for guid: 27
[04.08.2012 22:16:52] GetCharFromDatabase_call @mangos for charguid: 27
[04.08.2012 22:16:52] getspells_call @mangos for charguid: 27
[04.08.2012 22:16:52] gettalents_call @mangos
[04.08.2012 22:16:52] getspec1_call @mangos
[04.08.2012 22:16:52] getskills_call @mangos
[04.08.2012 22:16:52] getREPlists_call @mangos
[04.08.2012 22:16:52] Reputation could not be found!
[04.08.2012 22:16:52] getactionlist_call @mangos
[04.08.2012 22:16:52] Action list not found!
[04.08.2012 22:16:52] getavlists_call @mangos
[04.08.2012 22:16:52] getinventoryitems_call @mangos
[04.08.2012 22:16:52] getitems_call @mangos
[04.08.2012 22:16:56] getglyphs_call @mangos
[04.08.2012 22:16:56] getallcharsfromaccount_call @mangos for accountname: ADMIN6
[04.08.2012 22:16:56] AccountId is: 11
[04.08.2012 22:16:56] gochars_call @mangos for guid: 16
[04.08.2012 22:16:56] GetCharFromDatabase_call @mangos for charguid: 16
[04.08.2012 22:16:57] getspells_call @mangos for charguid: 16
[04.08.2012 22:16:57] gettalents_call @mangos
[04.08.2012 22:16:57] getspec1_call @mangos
[04.08.2012 22:16:57] getskills_call @mangos
[04.08.2012 22:16:57] getREPlists_call @mangos
[04.08.2012 22:16:57] Reputation could not be found!
[04.08.2012 22:16:57] getactionlist_call @mangos
[04.08.2012 22:16:57] Action list not found!
[04.08.2012 22:16:57] getavlists_call @mangos
[04.08.2012 22:16:57] getinventoryitems_call @mangos
[04.08.2012 22:16:57] getitems_call @mangos
[04.08.2012 22:16:57] getglyphs_call @mangos
[04.08.2012 22:16:58] gochars_call @mangos for guid: 20
[04.08.2012 22:16:58] GetCharFromDatabase_call @mangos for charguid: 20
[04.08.2012 22:16:58] getspells_call @mangos for charguid: 20
[04.08.2012 22:16:58] gettalents_call @mangos
[04.08.2012 22:16:58] getspec1_call @mangos
[04.08.2012 22:16:58] getskills_call @mangos
[04.08.2012 22:16:58] getREPlists_call @mangos
[04.08.2012 22:16:58] Reputation could not be found!
[04.08.2012 22:16:58] getactionlist_call @mangos
[04.08.2012 22:16:58] Action list not found!
[04.08.2012 22:16:58] getavlists_call @mangos
[04.08.2012 22:16:58] getinventoryitems_call @mangos
[04.08.2012 22:16:58] getitems_call @mangos
[04.08.2012 22:17:00] getglyphs_call @mangos
[04.08.2012 22:17:00] gochars_call @mangos for guid: 28
[04.08.2012 22:17:00] GetCharFromDatabase_call @mangos for charguid: 28
[04.08.2012 22:17:01] getspells_call @mangos for charguid: 28
[04.08.2012 22:17:01] gettalents_call @mangos
[04.08.2012 22:17:01] getspec1_call @mangos
[04.08.2012 22:17:01] getskills_call @mangos
[04.08.2012 22:17:01] getREPlists_call @mangos
[04.08.2012 22:17:01] Reputation could not be found!
[04.08.2012 22:17:01] getactionlist_call @mangos
[04.08.2012 22:17:01] Action list not found!
[04.08.2012 22:17:01] getavlists_call @mangos
[04.08.2012 22:17:01] getinventoryitems_call @mangos
[04.08.2012 22:17:01] getitems_call @mangos
[04.08.2012 22:17:01] getglyphs_call @mangos
[04.08.2012 22:17:02] closesql_call @trinity
[04.08.2012 22:19:46] Starter_Application_exit call
[04.08.2012 22:19:46] Trinity checked
[04.08.2012 22:19:46] Trinity checked
[04.08.2012 22:19:47] Classic checked
[04.08.2012 22:19:47] Trinity checked
[04.08.2012 22:19:47] wotlk checked
[04.08.2012 22:19:47] Trinity checked
[04.08.2012 22:19:47] Trinity checked
[04.08.2012 22:19:47] Trinity checked
[04.08.2012 22:19:47] Classic checked
[04.08.2012 22:19:48] Trinity checked
[04.08.2012 22:19:48] wotlk checked
[04.08.2012 22:19:48] Trinity checked